[debug] [2025-04-22T09:03:07.337Z] : 
[debug] [2025-04-22T09:03:07.338Z] : ----------------------------------------------------------------------
[debug] [2025-04-22T09:03:07.338Z] : Command:      /usr/local/bin/node /Users/rategletechnologies/.npm-global/bin/catalyst deploy
[debug] [2025-04-22T09:03:07.338Z] : CLI Version:  1.17.6
[debug] [2025-04-22T09:03:07.338Z] : Platform:     darwin
[debug] [2025-04-22T09:03:07.338Z] : Node Version: v22.14.0
[debug] [2025-04-22T09:03:07.338Z] : Time:         Tue Apr 22 2025 14:33:07 GMT+0530 (India Standard Time)
[debug] [2025-04-22T09:03:07.338Z] : ----------------------------------------------------------------------
[debug] [2025-04-22T09:03:07.338Z] : 
[debug] [2025-04-22T09:03:07.655Z] : > authorizing via signed-in user option
[debug] [2025-04-22T09:03:07.655Z] : > command requires scopes: ["ZohoCatalyst.projects.ALL","ZohoCatalyst.functions.ALL","ZohoCatalyst.webapp.ALL","ZohoCatalyst.appsail.Update"]
[debug] [2025-04-22T09:03:07.659Z] : >>>> HTTP REQUEST : GET https://api.catalyst.zoho.in/baas/v1/project/15755000000010001 

[debug] [2025-04-22T09:03:07.875Z] : <<<< HTTP RESPONSE : 200
Response Headers: {"server":"ZGS","date":"Tue, 22 Apr 2025 09:03:07 GMT","content-type":"application/vnd.catalyst.v2+json","transfer-encoding":"chunked","connection":"keep-alive","set-cookie":["zalb_3a750b85f1=411f509465b028e7e235eac6930aaab2; Path=/; Secure; HttpOnly","ZD_CSRF_TOKEN=331de386-f8ce-4aa7-8307-faf9ef29b0f4;path=/;SameSite=None;Secure;priority=high","_zcsr_tmp=331de386-f8ce-4aa7-8307-faf9ef29b0f4;path=/;SameSite=Strict;Secure;priority=high"],"x-content-type-options":"nosniff","cache-control":"private,no-cache,no-store,max-age=0,must-revalidate","pragma":"no-cache","expires":"Thu, 01 Jan 1970 00:00:00 GMT","x-frame-options":"DENY","strict-transport-security":"max-age=64072000; includeSubDomains; preload"}

[debug] [2025-04-22T09:03:07.877Z] : >>>> HTTP REQUEST : GET https://api.catalyst.zoho.in/baas/v1/project/15755000000010001/environment 

[debug] [2025-04-22T09:03:07.946Z] : <<<< HTTP RESPONSE : 200
Response Headers: {"server":"ZGS","date":"Tue, 22 Apr 2025 09:03:07 GMT","content-type":"application/vnd.catalyst.v2+json","transfer-encoding":"chunked","connection":"keep-alive","set-cookie":["zalb_3a750b85f1=ed010f63633be60a322039283f31a645; Path=/; Secure; HttpOnly","ZD_CSRF_TOKEN=adf86bbb-6f60-4aed-bae4-862fce924117;path=/;SameSite=None;Secure;priority=high","_zcsr_tmp=adf86bbb-6f60-4aed-bae4-862fce924117;path=/;SameSite=Strict;Secure;priority=high"],"x-content-type-options":"nosniff","cache-control":"private,no-cache,no-store,max-age=0,must-revalidate","pragma":"no-cache","expires":"Thu, 01 Jan 1970 00:00:00 GMT","x-frame-options":"DENY","strict-transport-security":"max-age=64072000; includeSubDomains; preload"}

[error] [2025-04-22T09:03:07.954Z] : ✖ AppSail: : Invalid AppSail service Unknown
[error] [2025-04-22T09:03:07.954Z] : ✖ Reason: Config file not present
[info] [2025-04-22T09:03:07.954Z] : 
[debug] [2025-04-22T09:03:20.384Z] : >>>> HTTP REQUEST : PUT https://api.catalyst.zoho.in/baas/v1/project/15755000000010001/appsail/upsert 

[debug] [2025-04-22T09:04:35.489Z] : CatalystError: API Error: socket hang up
    at API.<anonymous> (/Users/rategletechnologies/.npm-global/lib/node_modules/zcatalyst-cli/lib/internal/api.js:214:32)
    at Generator.next (<anonymous>)
    at /Users/rategletechnologies/.npm-global/lib/node_modules/zcatalyst-cli/lib/internal/api.js:31:71
    at new Promise (<anonymous>)
    at __awaiter (/Users/rategletechnologies/.npm-global/lib/node_modules/zcatalyst-cli/lib/internal/api.js:27:12)
    at Request._callback (/Users/rategletechnologies/.npm-global/lib/node_modules/zcatalyst-cli/lib/internal/api.js:194:67)
    at self.callback (/Users/rategletechnologies/.npm-global/lib/node_modules/zcatalyst-cli/node_modules/request/request.js:185:22)
    at Request.emit (node:events:530:35)
    at Request.onRequestError (/Users/rategletechnologies/.npm-global/lib/node_modules/zcatalyst-cli/node_modules/request/request.js:877:8)
    at ClientRequest.emit (node:events:518:28) {
  status: 500,
  exit: 2,
  original: Error: socket hang up
      at TLSSocket.socketOnEnd (node:_http_client:542:25)
      at TLSSocket.emit (node:events:530:35)
      at endReadableNT (node:internal/streams/readable:1698:12)
      at process.processTicksAndRejections (node:internal/process/task_queues:90:21) {
    code: 'ECONNRESET'
  },
  context: undefined,
  errorId: undefined,
  arg: undefined,
  skipHelp: false,
  fileName: '/Users/rategletechnologies/.npm-global/lib/node_modules/zcatalyst-cli/lib/internal/api'
}
[warn] [2025-04-22T09:04:35.489Z] : ⚠ Deploy of AppSail [Umpire11App] was unsuccessful since API Error: socket hang up
[info] [2025-04-22T09:04:35.489Z] : 
[error] [2025-04-22T09:04:35.490Z] : ✖ appsail: deploy skipped
[info] [2025-04-22T09:04:35.490Z] : 
[error] [2025-04-22T09:04:35.490Z] : ✖ No components deployed!
[error] [2025-04-22T09:04:35.491Z] : ✖ API Error: socket hang up
[debug] [2025-04-22T09:04:35.491Z] : Error Stack: CatalystError: API Error: socket hang up
    at API.<anonymous> (/Users/rategletechnologies/.npm-global/lib/node_modules/zcatalyst-cli/lib/internal/api.js:214:32)
    at Generator.next (<anonymous>)
    at /Users/rategletechnologies/.npm-global/lib/node_modules/zcatalyst-cli/lib/internal/api.js:31:71
    at new Promise (<anonymous>)
    at __awaiter (/Users/rategletechnologies/.npm-global/lib/node_modules/zcatalyst-cli/lib/internal/api.js:27:12)
    at Request._callback (/Users/rategletechnologies/.npm-global/lib/node_modules/zcatalyst-cli/lib/internal/api.js:194:67)
    at self.callback (/Users/rategletechnologies/.npm-global/lib/node_modules/zcatalyst-cli/node_modules/request/request.js:185:22)
    at Request.emit (node:events:530:35)
    at Request.onRequestError (/Users/rategletechnologies/.npm-global/lib/node_modules/zcatalyst-cli/node_modules/request/request.js:877:8)
    at ClientRequest.emit (node:events:518:28)
[debug] [2025-04-22T09:04:35.491Z] : Original Error: Error: socket hang up
    at TLSSocket.socketOnEnd (node:_http_client:542:25)
    at TLSSocket.emit (node:events:530:35)
    at endReadableNT (node:internal/streams/readable:1698:12)
    at process.processTicksAndRejections (node:internal/process/task_queues:90:21)
[debug] [2025-04-22T09:04:35.491Z] : Error Status: 500
[info] [2025-04-22T09:04:35.491Z] : Kindly contact Catalyst support [support@zohocatalyst.com] if you need any further assistance
[debug] [2025-04-22T09:04:35.491Z] : EXEC ENDED with event: deploy, message: success
[debug] [2025-04-22T09:04:35.491Z] : TOTAL DURATION OF COMMAND EXEC : 87838
[debug] [2025-04-22T09:04:35.495Z] : >>>> HTTP REQUEST : POST https://api.catalyst.zoho.in/baas/v1/cli/logs 
<request body omitted>

[debug] [2025-04-22T09:04:37.011Z] : <<<< HTTP RESPONSE : 200
Response Headers: {"server":"ZGS","date":"Tue, 22 Apr 2025 09:04:37 GMT","content-length":"0","connection":"keep-alive","set-cookie":["zalb_3a750b85f1=411f509465b028e7e235eac6930aaab2; Path=/; Secure; HttpOnly","ZD_CSRF_TOKEN=a54bb398-998f-4078-bdc1-2e16c9d1e34f;path=/;SameSite=None;Secure;priority=high","_zcsr_tmp=a54bb398-998f-4078-bdc1-2e16c9d1e34f;path=/;SameSite=Strict;Secure;priority=high"],"x-content-type-options":"nosniff","cache-control":"private,no-cache,no-store,max-age=0,must-revalidate","pragma":"no-cache","expires":"Thu, 01 Jan 1970 00:00:00 GMT","x-frame-options":"DENY","strict-transport-security":"max-age=64072000; includeSubDomains; preload"}

